<!DOCTYPE html PUBLIC "-//W3C//DTD XHTML 1.1//EN" "http://www.w3.org/TR/xhtml11/DTD/xhtml11.dtd">
<html xmlns="http://www.w3.org/1999/xhtml"><head><title>TestNG Report</title><style type="text/css">table {margin-bottom:10px;border-collapse:collapse;empty-cells:show}th,td {border:1px solid #009;padding:.25em .5em}th {vertical-align:bottom}td {vertical-align:top}table a {font-weight:bold}.stripe td {background-color: #E6EBF9}.num {text-align:right}.passedodd td {background-color: #3F3}.passedeven td {background-color: #0A0}.skippedodd td {background-color: #DDD}.skippedeven td {background-color: #CCC}.failedodd td,.attn {background-color: #F33}.failedeven td,.stripe .attn {background-color: #D00}.stacktrace {white-space:pre;font-family:monospace}.totop {font-size:85%;text-align:center;border-bottom:2px solid #000}</style></head><body><table><tr><th>Test</th><th># Passed</th><th># Skipped</th><th># Failed</th><th>Time (ms)</th><th>Included Groups</th><th>Excluded Groups</th></tr><tr><th colspan="7">Portal Automation Testing</th></tr><tr><td><a href="#t0">R03</a></td><td class="num">2</td><td class="num attn">3</td><td class="num">0</td><td class="num">360,123</td><td></td><td></td></tr><tr class="stripe"><td><a href="#t1">Tenant_Tests</a></td><td class="num">0</td><td class="num attn">2</td><td class="num">0</td><td class="num">321</td><td></td><td></td></tr><tr><th>Total</th><th class="num">2</th><th class="num attn">5</th><th class="num">0</th><th class="num">360,444</th><th colspan="2"></th></tr></table><table id='summary'><thead><tr><th>Class</th><th>Method</th><th>Start</th><th>Time (ms)</th></tr></thead><tbody><tr><th colspan="4">Portal Automation Testing</th></tr></tbody><tbody id="t0"><tr><th colspan="4">R03 &#8212; skipped</th></tr><tr class="skippedeven"><td rowspan="3">com.qa.tests.R03</td><td><a href="#m0">TC_375423_375424</a></td><td rowspan="1">1559288905114</td><td rowspan="1">20</td></tr><tr class="skippedeven"><td><a href="#m1">TC_375426</a></td><td rowspan="1">1559288905243</td><td rowspan="1">27</td></tr><tr class="skippedeven"><td><a href="#m2">deleteApplication</a></td><td rowspan="1">1559288905374</td><td rowspan="1">24</td></tr><tr><th colspan="4">R03 &#8212; passed</th></tr><tr class="passedeven"><td rowspan="2">com.qa.tests.R03</td><td><a href="#m3">TC_374980</a></td><td rowspan="1">1559288895733</td><td rowspan="1">9222</td></tr><tr class="passedeven"><td><a href="#m4">createUser</a></td><td rowspan="1">1559288905519</td><td rowspan="1">350181</td></tr></tbody><tbody id="t1"><tr><th colspan="4">Tenant_Tests &#8212; skipped</th></tr><tr class="skippedeven"><td rowspan="2">com.qa.tests.Tenant_Tests</td><td><a href="#m5">TC_374980</a></td><td rowspan="1">1559289256222</td><td rowspan="1">16</td></tr><tr class="skippedeven"><td><a href="#m6">createTenant</a></td><td rowspan="1">1559289256347</td><td rowspan="1">11</td></tr></tbody></table><h2>R03</h2><h3 id="m0">com.qa.tests.R03#TC_375423_375424</h3><table class="result"><tr class="param"><th>Parameter #1</th></tr><tr class="param stripe"><td>{url=https://qa2012r2-vr3.inqa.soti.net/login, app_type=MobiControl, instance_name=123456789_123456789_123456789_123456789_123456789_123456789_123456789_123456789_123456789_123456789_1, validation_message2=MobiControl Instance Name cannot exceed 100 characters, Test_Case=TC_375423_375424, validation_message=MobiControl Instance Name is required, account_type=Soti DB, username=vdtenant@yopmail.com, runmode=N, password=Welcome12345}</td></tr><tr><th>Exception</th></tr><tr><td><div class="stacktrace">org.testng.SkipException: Runmode of the test data is set to NO for class: R03 --- Test Case: TC_375423_375424
	at com.qa.util.readAndWriteData.runmodeCheck(readAndWriteData.java:84)
	at com.qa.base.TestBase.initial_test_tasks(TestBase.java:197)
	at com.qa.tests.R03.TC_375423_375424(R03.java:41)
	at com.qa.tests.runner.test_runner(runner.java:76)
	at com.qa.tests.runner.main(runner.java:83)
... Removed 22 stack frames</div></td></tr></table><p class="totop"><a href="#summary">back to summary</a></p><h3 id="m1">com.qa.tests.R03#TC_375426</h3><table class="result"><tr class="param"><th>Parameter #1</th></tr><tr class="param stripe"><td>{url=https://qa2012r2-vr3.inqa.soti.net/login, app_type=MobiControl, instance_name=123456789_123456789_123456789_123456789_123456789_123456789_123456789_123456789_123456789_123456789_1, validation_message2=MobiControl Instance Name cannot exceed 100 characters, Test_Case=TC_375426, validation_message=MobiControl Instance Name is required, account_type=Soti DB, username=vdtenant@yopmail.com, runmode=N, password=Welcome12345}</td></tr><tr><th>Exception</th></tr><tr><td><div class="stacktrace">org.testng.SkipException: Runmode of the test data is set to NO for class: R03 --- Test Case: TC_375426
	at com.qa.util.readAndWriteData.runmodeCheck(readAndWriteData.java:84)
	at com.qa.base.TestBase.initial_test_tasks(TestBase.java:197)
	at com.qa.tests.R03.TC_375426(R03.java:49)
	at com.qa.tests.runner.test_runner(runner.java:76)
	at com.qa.tests.runner.main(runner.java:83)
... Removed 22 stack frames</div></td></tr></table><p class="totop"><a href="#summary">back to summary</a></p><h3 id="m2">com.qa.tests.R03#deleteApplication</h3><table class="result"><tr class="param"><th>Parameter #1</th></tr><tr class="param stripe"><td>{url=https://qa2012r2-vr3.inqa.soti.net/login, app_type=MobiControl, instance_name=123456789_123456789_123456789_123456789_123456789_123456789_123456789_123456789_123456789_123456789_1, validation_message2=MobiControl Instance Name cannot exceed 100 characters, Test_Case=deleteApplication, validation_message=MobiControl Instance Name is required, account_type=Soti DB, username=vdtenant@yopmail.com, runmode=N, password=Welcome12345}</td></tr><tr><th>Exception</th></tr><tr><td><div class="stacktrace">org.testng.SkipException: Runmode of the test data is set to NO for class: R03 --- Test Case: deleteApplication
	at com.qa.util.readAndWriteData.runmodeCheck(readAndWriteData.java:84)
	at com.qa.base.TestBase.initial_test_tasks(TestBase.java:197)
	at com.qa.tests.R03.deleteApplication(R03.java:57)
	at com.qa.tests.runner.test_runner(runner.java:76)
	at com.qa.tests.runner.main(runner.java:83)
... Removed 22 stack frames</div></td></tr></table><p class="totop"><a href="#summary">back to summary</a></p><h3 id="m3">com.qa.tests.R03#TC_374980</h3><table class="result"><tr class="param"><th>Parameter #1</th></tr><tr class="param stripe"><td>{url=https://qa2012r2-vr3.inqa.soti.net/login, app_type=MobiControl, instance_name=, validation_message2=, Test_Case=TC_374980, validation_message=, account_type=Soti DB, username=vdtenant@yopmail.com, runmode=Y, password=Welcome12345}</td></tr></table><p class="totop"><a href="#summary">back to summary</a></p><h3 id="m4">com.qa.tests.R03#createUser</h3><table class="result"><tr class="param"><th>Parameter #1</th></tr><tr class="param stripe"><td>{url=https://qa2012r2-vr3.inqa.soti.net/login, app_type=MobiControl, instance_name=123456789_123456789_123456789_123456789_123456789_123456789_123456789_123456789_123456789_123456789_1, validation_message2=MobiControl Instance Name cannot exceed 100 characters, Test_Case=createUser, validation_message=MobiControl Instance Name is required, account_type=Soti DB, username=vdtenant@yopmail.com, runmode=Y, password=Welcome12345}</td></tr></table><p class="totop"><a href="#summary">back to summary</a></p><h2>Tenant_Tests</h2><h3 id="m5">com.qa.tests.Tenant_Tests#TC_374980</h3><table class="result"><tr class="param"><th>Parameter #1</th></tr><tr class="param stripe"><td>{url=http://qa2012r2-kv3.inqa.soti.net/login, app_type=MobiControl, Test_Case=TC_374980, industry_type=, country=, account_type=Soti DB, username=adminidp@abc.com, runmode=Y, password=Welcome12345}</td></tr><tr><th>Exception</th></tr><tr><td><div class="stacktrace">org.testng.SkipException: Runmode of the test data is set to NO for class: Tenant_Tests
	at com.qa.util.readAndWriteData.runmodeCheck(readAndWriteData.java:82)
	at com.qa.base.TestBase.initial_test_tasks(TestBase.java:197)
	at com.qa.tests.Tenant_Tests.TC_374980(Tenant_Tests.java:27)
	at com.qa.tests.runner.test_runner(runner.java:76)
	at com.qa.tests.runner.main(runner.java:83)
... Removed 22 stack frames</div></td></tr></table><p class="totop"><a href="#summary">back to summary</a></p><h3 id="m6">com.qa.tests.Tenant_Tests#createTenant</h3><table class="result"><tr class="param"><th>Parameter #1</th></tr><tr class="param stripe"><td>{url=http://qa2012r2-kv3.inqa.soti.net/login, app_type=, Test_Case=createTenant, industry_type=Information Technology, country=India, account_type=Soti DB, username=adminidp@abc.com, runmode=Y, password=Welcome12345}</td></tr><tr><th>Exception</th></tr><tr><td><div class="stacktrace">org.testng.SkipException: Runmode of the test data is set to NO for class: Tenant_Tests
	at com.qa.util.readAndWriteData.runmodeCheck(readAndWriteData.java:82)
	at com.qa.base.TestBase.initial_test_tasks(TestBase.java:197)
	at com.qa.tests.Tenant_Tests.createTenant(Tenant_Tests.java:40)
	at com.qa.tests.runner.test_runner(runner.java:76)
	at com.qa.tests.runner.main(runner.java:83)
... Removed 22 stack frames</div></td></tr></table><p class="totop"><a href="#summary">back to summary</a></p></body></html>